[debug] [2021-10-30T19:17:47.807Z] ----------------------------------------------------------------------
[debug] [2021-10-30T19:17:47.809Z] Command:       C:\Program Files\nodejs\node.exe C:\Users\iperez\AppData\Roaming\npm\node_modules\firebase-tools\lib\bin\firebase.js init
[debug] [2021-10-30T19:17:47.809Z] CLI Version:   9.21.0
[debug] [2021-10-30T19:17:47.810Z] Platform:      win32
[debug] [2021-10-30T19:17:47.810Z] Node Version:  v14.18.1
[debug] [2021-10-30T19:17:47.811Z] Time:          Sat Oct 30 2021 16:17:47 GMT-0300 (hora estándar de Argentina)
[debug] [2021-10-30T19:17:47.811Z] ----------------------------------------------------------------------
[debug] 
[debug] [2021-10-30T19:17:47.813Z] >>> [apiv2][query] GET https://firebase-public.firebaseio.com/cli.json [none]
[debug] [2021-10-30T19:17:47.837Z] > command requires scopes: ["email","openid","https://www.googleapis.com/auth/cloudplatformprojects.readonly","https://www.googleapis.com/auth/firebase","https://www.googleapis.com/auth/cloud-platform"]
[debug] [2021-10-30T19:17:47.838Z] > authorizing via signed-in user (perez.artaso@gmail.com)
[info] 
     ######## #### ########  ######## ########     ###     ######  ########
     ##        ##  ##     ## ##       ##     ##  ##   ##  ##       ##
     ######    ##  ########  ######   ########  #########  ######  ######
     ##        ##  ##    ##  ##       ##     ## ##     ##       ## ##
     ##       #### ##     ## ######## ########  ##     ##  ######  ########

You're about to initialize a Firebase project in this directory:

  C:\Users\iperez\Documents\Desarrollo\Angular\products-app

[debug] [2021-10-30T19:17:48.391Z] <<< [apiv2][status] GET https://firebase-public.firebaseio.com/cli.json 200
[debug] [2021-10-30T19:17:48.391Z] <<< [apiv2][body] GET https://firebase-public.firebaseio.com/cli.json {"cloudBuildErrorAfter":1594252800000,"cloudBuildWarnAfter":1590019200000,"defaultNode10After":1594252800000,"minVersion":"3.0.5","node8DeploysDisabledAfter":1613390400000,"node8RuntimeDisabledAfter":1615809600000,"node8WarnAfter":1600128000000}
